<?xml version="1.0" ?>
<coverage lines-valid="82" lines-covered="81" line-rate="0.987805">
  <sources>
    <source>.</source>
  </sources>
  <packages>
    <package name="." line-rate="0.987805">
      <classes>
        <class name="src/kmp.mbt" filename="src/kmp.mbt" line-rate="0.987805">
          <lines>
            <line number="5" hits="29"/>
            <line number="7" hits="29"/>
            <line number="17" hits="130"/>
            <line number="19" hits="71"/>
            <line number="22" hits="59"/>
            <line number="24" hits="9"/>
            <line number="27" hits="50"/>
            <line number="37" hits="30"/>
            <line number="41" hits="2"/>
            <line number="43" hits="28"/>
            <line number="44" hits="28"/>
            <line number="45" hits="28"/>
            <line number="52" hits="417"/>
            <line number="54" hits="205"/>
            <line number="62" hits="38"/>
            <line number="66" hits="212"/>
            <line number="68" hits="32"/>
            <line number="71" hits="180"/>
            <line number="81" hits="14"/>
            <line number="82" hits="14"/>
            <line number="88" hits="17"/>
            <line number="89" hits="17"/>
            <line number="92" hits="1"/>
            <line number="96" hits="1"/>
            <line number="102" hits="132"/>
            <line number="106" hits="238"/>
            <line number="107" hits="121"/>
            <line number="114" hits="11"/>
            <line number="125" hits="1"/>
            <line number="127" hits="1"/>
            <line number="128" hits="1"/>
            <line number="133" hits="1"/>
            <line number="138" hits="1"/>
            <line number="144" hits="2"/>
            <line number="145" hits="1"/>
            <line number="147" hits="1"/>
            <line number="152" hits="1"/>
            <line number="155" hits="1"/>
            <line number="158" hits="1"/>
            <line number="161" hits="1"/>
            <line number="164" hits="1"/>
            <line number="167" hits="1"/>
            <line number="168" hits="1"/>
            <line number="173" hits="0"/>
            <line number="178" hits="2"/>
            <line number="180" hits="2"/>
            <line number="181" hits="2"/>
            <line number="182" hits="2"/>
            <line number="183" hits="2"/>
            <line number="184" hits="2"/>
            <line number="189" hits="2"/>
            <line number="191" hits="2"/>
            <line number="192" hits="2"/>
            <line number="193" hits="2"/>
            <line number="194" hits="2"/>
            <line number="195" hits="2"/>
            <line number="200" hits="2"/>
            <line number="202" hits="2"/>
            <line number="203" hits="2"/>
            <line number="204" hits="2"/>
            <line number="205" hits="2"/>
            <line number="206" hits="2"/>
            <line number="211" hits="2"/>
            <line number="213" hits="2"/>
            <line number="214" hits="2"/>
            <line number="215" hits="2"/>
            <line number="218" hits="2"/>
            <line number="219" hits="2"/>
            <line number="222" hits="2"/>
            <line number="223" hits="2"/>
            <line number="226" hits="2"/>
            <line number="227" hits="2"/>
            <line number="232" hits="2"/>
            <line number="234" hits="2"/>
            <line number="235" hits="2"/>
            <line number="236" hits="2"/>
            <line number="239" hits="2"/>
            <line number="240" hits="2"/>
            <line number="243" hits="2"/>
            <line number="244" hits="2"/>
            <line number="247" hits="2"/>
            <line number="248" hits="2"/>
          </lines>
        </class>
      </classes>
    </package>
  </packages>
</coverage>